{"name": "test_right_way", "status": "broken", "statusDetails": {"message": "selenium.common.exceptions.TimeoutException: Message:", "trace": "tests/test_shop.py:89: in test_right_way\n    WebDriverWait(browser, timeout=20, poll_frequency=1).until(\n        browser    = <selenium.webdriver.chrome.webdriver.WebDriver (session=\"65570a4b58207b9a340a1f1cf383ff55\")>\n        cart_is_visible = 'block'\n        product    = <selenium.webdriver.remote.webelement.WebElement (session=\"65570a4b58207b9a340a1f1cf383ff55\", element=\"ec889269-ed42-4997-bfd7-fdba18099d1d\")>\nenv/lib/python3.9/site-packages/selenium/webdriver/support/wait.py:95: in until\n    raise TimeoutException(message, screen, stacktrace)\nE   selenium.common.exceptions.TimeoutException: Message:\n        end_time   = 31.794444589999998\n        message    = ''\n        method     = <function url_to_be.<locals>._predicate at 0x1106469d0>\n        screen     = None\n        self       = <selenium.webdriver.support.wait.WebDriverWait (session=\"65570a4b58207b9a340a1f1cf383ff55\")>\n        stacktrace = None\n        value      = False"}, "description": "\n    Test case TC-4\n    ", "start": 1675951147411, "stop": 1675951176803, "uuid": "510d1cf9-8b8a-4a51-8f9d-6e1e15a543ec", "historyId": "832350b147fac251f172289a626c5cba", "testCaseId": "7b8323124234f69a8fde1e3de50f452e", "fullName": "tests.test_shop#test_right_way", "labels": [{"name": "parentSuite", "value": "tests"}, {"name": "suite", "value": "test_shop"}, {"name": "host", "value": "MBP-Anna.lan"}, {"name": "thread", "value": "64059-MainThread"}, {"name": "framework", "value": "pytest"}, {"name": "language", "value": "cpython3"}, {"name": "package", "value": "tests.test_shop"}]}