{"name": "test_right_way", "status": "broken", "statusDetails": {"message": "selenium.common.exceptions.TimeoutException: Message:", "trace": "tests/test_shop.py:89: in test_right_way\n    WebDriverWait(browser, timeout=10, poll_frequency=1).until(\n        browser    = <selenium.webdriver.chrome.webdriver.WebDriver (session=\"0140a06c16dc2f167fd44f85cb548b2d\")>\n        cart_is_visible = 'block'\n        product    = <selenium.webdriver.remote.webelement.WebElement (session=\"0140a06c16dc2f167fd44f85cb548b2d\", element=\"a6d070a4-b653-4190-89c3-b71d70af7d0f\")>\nenv/lib/python3.9/site-packages/selenium/webdriver/support/wait.py:95: in until\n    raise TimeoutException(message, screen, stacktrace)\nE   selenium.common.exceptions.TimeoutException: Message:\n        end_time   = 19.317322277000002\n        message    = ''\n        method     = <function url_to_be.<locals>._predicate at 0x102a3e9d0>\n        screen     = None\n        self       = <selenium.webdriver.support.wait.WebDriverWait (session=\"0140a06c16dc2f167fd44f85cb548b2d\")>\n        stacktrace = None\n        value      = False"}, "description": "\n    Test case TC-4\n    ", "start": 1675951037549, "stop": 1675951054293, "uuid": "5c4f4652-3f8c-4cdf-827b-5d18de218f35", "historyId": "832350b147fac251f172289a626c5cba", "testCaseId": "7b8323124234f69a8fde1e3de50f452e", "fullName": "tests.test_shop#test_right_way", "labels": [{"name": "parentSuite", "value": "tests"}, {"name": "suite", "value": "test_shop"}, {"name": "host", "value": "MBP-Anna.lan"}, {"name": "thread", "value": "64002-MainThread"}, {"name": "framework", "value": "pytest"}, {"name": "language", "value": "cpython3"}, {"name": "package", "value": "tests.test_shop"}]}