{"name": "test_right_way", "status": "broken", "statusDetails": {"message": "selenium.common.exceptions.TimeoutException: Message:", "trace": "tests/test_shop.py:89: in test_right_way\n    WebDriverWait(browser, timeout=10, poll_frequency=1).until(\n        browser    = <selenium.webdriver.chrome.webdriver.WebDriver (session=\"534127d16034964f57b77dfc349f792a\")>\n        cart_is_visible = 'block'\n        product    = <selenium.webdriver.remote.webelement.WebElement (session=\"534127d16034964f57b77dfc349f792a\", element=\"7ede7607-e85c-4707-9df2-d974db97340b\")>\nenv/lib/python3.9/site-packages/selenium/webdriver/support/wait.py:95: in until\n    raise TimeoutException(message, screen, stacktrace)\nE   selenium.common.exceptions.TimeoutException: Message:\n        end_time   = 19.660186455999998\n        message    = ''\n        method     = <function url_to_be.<locals>._predicate at 0x1064b79d0>\n        screen     = None\n        self       = <selenium.webdriver.support.wait.WebDriverWait (session=\"534127d16034964f57b77dfc349f792a\")>\n        stacktrace = None\n        value      = False"}, "description": "\n    Test case TC-4\n    ", "start": 1675950940389, "stop": 1675950957119, "uuid": "a5f45855-3c65-45e6-aa56-8a10b1d53727", "historyId": "832350b147fac251f172289a626c5cba", "testCaseId": "7b8323124234f69a8fde1e3de50f452e", "fullName": "tests.test_shop#test_right_way", "labels": [{"name": "parentSuite", "value": "tests"}, {"name": "suite", "value": "test_shop"}, {"name": "host", "value": "MBP-Anna.lan"}, {"name": "thread", "value": "63947-MainThread"}, {"name": "framework", "value": "pytest"}, {"name": "language", "value": "cpython3"}, {"name": "package", "value": "tests.test_shop"}]}